<?xml version="1.0" encoding="UTF-8"?>
<!-- Generated by org.testng.reporters.JUnitReportReporter -->
<testsuite hostname="Gourav" failures="0" tests="13" name="qa.test.TestPremiseAppTestServerSfbo" time="103.207" errors="0" timestamp="2024-05-22T14:44:53 IST" skipped="0">
  <testcase classname="qa.test.TestPremiseAppTestServerSfbo" name="openLa_03LoginUrl" time="18.690"/>
  <testcase classname="qa.test.TestPremiseAppTestServerSfbo" name="fillBusinessDetails" time="14.450"/>
  <testcase classname="qa.test.TestPremiseAppTestServerSfbo" name="confirmInformationTrue" time="2.985"/>
  <testcase classname="qa.test.TestPremiseAppTestServerSfbo" name="fillingLicenceDuration" time="0.887"/>
  <testcase classname="qa.test.TestPremiseAppTestServerSfbo" name="fillingApplicantDetails" time="10.348"/>
  <testcase classname="qa.test.TestPremiseAppTestServerSfbo" name="fillingDesignatedPremisesSupervisor" time="6.533"/>
  <testcase classname="qa.test.TestPremiseAppTestServerSfbo" name="uploadApplicationEvidence" time="1.326"/>
  <testcase classname="qa.test.TestPremiseAppTestServerSfbo" name="fillPremisesDetails" time="8.494"/>
  <testcase classname="qa.test.TestPremiseAppTestServerSfbo" name="fillBusinessHours" time="12.703"/>
  <testcase classname="qa.test.TestPremiseAppTestServerSfbo" name="fillOperatingSchedule" time="14.550"/>
  <testcase classname="qa.test.TestPremiseAppTestServerSfbo" name="fillLicenceObjectives" time="0.703"/>
  <testcase classname="qa.test.TestPremiseAppTestServerSfbo" name="fillDeclaration" time="7.274"/>
  <testcase classname="qa.test.TestPremiseAppTestServerSfbo" name="payment" time="4.264"/>
</testsuite> <!-- qa.test.TestPremiseAppTestServerSfbo -->
