<?xml version="1.0" encoding="UTF-8"?>
<!-- Generated by org.testng.reporters.JUnitReportReporter -->
<testsuite hostname="Gourav" failures="0" tests="10" name="qa.test.TestSection50UatSfbo" time="18.623" errors="0" timestamp="2024-05-03T11:53:40 IST" skipped="8">
  <testcase classname="qa.test.TestSection50UatSfbo" name="OpenWestminsterBoUrl" time="14.033"/>
  <testcase classname="qa.test.TestSection50UatSfbo" name="fillBusinessDetails" time="4.590"/>
  <testcase classname="qa.test.TestSection50UatSfbo" name="fillingSiteDetails">
    <skipped/>
  </testcase> <!-- fillingSiteDetails -->
  <testcase classname="qa.test.TestSection50UatSfbo" name="fillAboutTheWorkSection">
    <skipped/>
  </testcase> <!-- fillAboutTheWorkSection -->
  <testcase classname="qa.test.TestSection50UatSfbo" name="addDeclaration">
    <skipped/>
  </testcase> <!-- addDeclaration -->
  <testcase classname="qa.test.TestSection50UatSfbo" name="ProceedToPayment">
    <skipped/>
  </testcase> <!-- ProceedToPayment -->
  <testcase classname="qa.test.TestSection50UatSfbo" name="fillOperatorDetails">
    <skipped/>
  </testcase> <!-- fillOperatorDetails -->
  <testcase classname="qa.test.TestSection50UatSfbo" name="fillSupervisorDetails">
    <skipped/>
  </testcase> <!-- fillSupervisorDetails -->
  <testcase classname="qa.test.TestSection50UatSfbo" name="fillingApplicationDates">
    <skipped/>
  </testcase> <!-- fillingApplicationDates -->
  <testcase classname="qa.test.TestSection50UatSfbo" name="OrderSummary">
    <skipped/>
  </testcase> <!-- OrderSummary -->
</testsuite> <!-- qa.test.TestSection50UatSfbo -->
