<?xml version="1.0" encoding="UTF-8"?>
<!-- Generated by org.testng.reporters.JUnitReportReporter -->
<testsuite hostname="Gourav" failures="0" tests="10" name="qa.test.TestSec50TestServerSfbo" time="0.001" errors="0" timestamp="2024-05-20T02:17:43 IST" skipped="10">
  <testcase classname="qa.test.TestSec50TestServerSfbo" name="OpenWestminsterBoUrl" time="0.000">
    <skipped/>
  </testcase> <!-- OpenWestminsterBoUrl -->
  <testcase classname="qa.test.TestSec50TestServerSfbo" name="fillBusinessDetails" time="0.000">
    <skipped/>
  </testcase> <!-- fillBusinessDetails -->
  <testcase classname="qa.test.TestSec50TestServerSfbo" name="fillingApplicationDates" time="0.000">
    <skipped/>
  </testcase> <!-- fillingApplicationDates -->
  <testcase classname="qa.test.TestSec50TestServerSfbo" name="fillingSiteDetails" time="0.000">
    <skipped/>
  </testcase> <!-- fillingSiteDetails -->
  <testcase classname="qa.test.TestSec50TestServerSfbo" name="fillAboutTheWorkSection" time="0.000">
    <skipped/>
  </testcase> <!-- fillAboutTheWorkSection -->
  <testcase classname="qa.test.TestSec50TestServerSfbo" name="fillSupervisorDetails" time="0.000">
    <skipped/>
  </testcase> <!-- fillSupervisorDetails -->
  <testcase classname="qa.test.TestSec50TestServerSfbo" name="fillOperatorDetails" time="0.000">
    <skipped/>
  </testcase> <!-- fillOperatorDetails -->
  <testcase classname="qa.test.TestSec50TestServerSfbo" name="addDeclarations" time="0.001">
    <skipped/>
  </testcase> <!-- addDeclarations -->
  <testcase classname="qa.test.TestSec50TestServerSfbo" name="checkOrderSummary" time="0.000">
    <skipped/>
  </testcase> <!-- checkOrderSummary -->
  <testcase classname="qa.test.TestSec50TestServerSfbo" name="payFees" time="0.000">
    <skipped/>
  </testcase> <!-- payFees -->
</testsuite> <!-- qa.test.TestSec50TestServerSfbo -->
