<?xml version="1.0" encoding="UTF-8"?>
<!-- Generated by org.testng.reporters.JUnitReportReporter -->
<testsuite hostname="Gourav" failures="0" tests="10" name="TENs.TestTENsAppUatSfbo" time="39.930" errors="0" timestamp="2024-05-24T17:36:18 IST" skipped="0">
  <testcase classname="TENs.TestTENsAppUatSfbo" name="openLa_03LoginUrl" time="10.903"/>
  <testcase classname="TENs.TestTENsAppUatSfbo" name="searchBusiness" time="3.519"/>
  <testcase classname="TENs.TestTENsAppUatSfbo" name="fillDateTime" time="0.782"/>
  <testcase classname="TENs.TestTENsAppUatSfbo" name="fillPersonalLicence" time="1.064"/>
  <testcase classname="TENs.TestTENsAppUatSfbo" name="fillLicenceActivities" time="2.645"/>
  <testcase classname="TENs.TestTENsAppUatSfbo" name="fillPremiseEventDetails" time="6.699"/>
  <testcase classname="TENs.TestTENsAppUatSfbo" name="uploadApplicaitonEvidence" time="1.271"/>
  <testcase classname="TENs.TestTENsAppUatSfbo" name="infoAboutProperty" time="4.130"/>
  <testcase classname="TENs.TestTENsAppUatSfbo" name="addDeclaration" time="4.768"/>
  <testcase classname="TENs.TestTENsAppUatSfbo" name="addPayment" time="4.149"/>
</testsuite> <!-- TENs.TestTENsAppUatSfbo -->
