<?xml version="1.0" encoding="UTF-8"?>
<!-- Generated by org.testng.reporters.JUnitReportReporter -->
<testsuite hostname="Gourav" failures="0" tests="12" name="qa.test.TestSection50" time="7.994" errors="0" timestamp="2024-05-02T11:13:23 IST" skipped="11">
  <testcase classname="qa.test.TestSection50" name="OpenWestminsterBoUrl" time="7.994"/>
  <testcase classname="qa.test.TestSection50" name="performActionOnHighwaysPage">
    <skipped/>
  </testcase> <!-- performActionOnHighwaysPage -->
  <testcase classname="qa.test.TestSection50" name="performActionOnDashboard">
    <skipped/>
  </testcase> <!-- performActionOnDashboard -->
  <testcase classname="qa.test.TestSection50" name="OrderSummary">
    <skipped/>
  </testcase> <!-- OrderSummary -->
  <testcase classname="qa.test.TestSection50" name="fillSupervisorDetails">
    <skipped/>
  </testcase> <!-- fillSupervisorDetails -->
  <testcase classname="qa.test.TestSection50" name="fillingSiteDetails">
    <skipped/>
  </testcase> <!-- fillingSiteDetails -->
  <testcase classname="qa.test.TestSection50" name="addDeclaration">
    <skipped/>
  </testcase> <!-- addDeclaration -->
  <testcase classname="qa.test.TestSection50" name="ProceedToPayment">
    <skipped/>
  </testcase> <!-- ProceedToPayment -->
  <testcase classname="qa.test.TestSection50" name="fillingApplicationDates">
    <skipped/>
  </testcase> <!-- fillingApplicationDates -->
  <testcase classname="qa.test.TestSection50" name="fillAboutTheWorkSection">
    <skipped/>
  </testcase> <!-- fillAboutTheWorkSection -->
  <testcase classname="qa.test.TestSection50" name="fillOperatorDetails">
    <skipped/>
  </testcase> <!-- fillOperatorDetails -->
  <testcase classname="qa.test.TestSection50" name="fillBusinessDetails">
    <skipped/>
  </testcase> <!-- fillBusinessDetails -->
</testsuite> <!-- qa.test.TestSection50 -->
