<?xml version="1.0" encoding="UTF-8"?>
<!-- Generated by org.testng.reporters.JUnitReportReporter -->
<testsuite hostname="Gourav" failures="0" tests="1" name="qa.test.Section50UatSf" time="11.691" errors="0" timestamp="2024-05-02T16:42:53 IST" skipped="0">
  <testcase classname="qa.test.Section50UatSf" name="OpenWestminsterBoUrl" time="11.691"/>
</testsuite> <!-- qa.test.Section50UatSf -->
