<?xml version="1.0" encoding="UTF-8"?>
<!-- Generated by org.testng.reporters.JUnitReportReporter -->
<testsuite hostname="Gourav" failures="0" tests="1" name="qa.test.TestSection50Uat" time="7.936" errors="0" timestamp="2024-05-02T11:28:53 IST" skipped="0">
  <testcase classname="qa.test.TestSection50Uat" name="OpenWestminsterBoUrl" time="7.936"/>
</testsuite> <!-- qa.test.TestSection50Uat -->
