<?xml version="1.0" encoding="UTF-8"?>
<!-- Generated by org.testng.reporters.JUnitReportReporter -->
<testsuite hostname="Gourav" failures="0" tests="13" name="qa.test.TestPremiseAppTestServerSfbo" time="39.167" errors="0" timestamp="2024-05-20T01:56:54 IST" skipped="11">
  <testcase classname="qa.test.TestPremiseAppTestServerSfbo" name="openLa_03LoginUrl" time="32.148"/>
  <testcase classname="qa.test.TestPremiseAppTestServerSfbo" name="fillBusinessHours" time="7.019"/>
  <testcase classname="qa.test.TestPremiseAppTestServerSfbo" name="fillBusinessDetails">
    <skipped/>
  </testcase> <!-- fillBusinessDetails -->
  <testcase classname="qa.test.TestPremiseAppTestServerSfbo" name="fillingLicenceDuration">
    <skipped/>
  </testcase> <!-- fillingLicenceDuration -->
  <testcase classname="qa.test.TestPremiseAppTestServerSfbo" name="fillPremisesDetails">
    <skipped/>
  </testcase> <!-- fillPremisesDetails -->
  <testcase classname="qa.test.TestPremiseAppTestServerSfbo" name="uploadApplicationEvidence">
    <skipped/>
  </testcase> <!-- uploadApplicationEvidence -->
  <testcase classname="qa.test.TestPremiseAppTestServerSfbo" name="confirmInformationTrue">
    <skipped/>
  </testcase> <!-- confirmInformationTrue -->
  <testcase classname="qa.test.TestPremiseAppTestServerSfbo" name="fillingApplicantDetails">
    <skipped/>
  </testcase> <!-- fillingApplicantDetails -->
  <testcase classname="qa.test.TestPremiseAppTestServerSfbo" name="fillingDesignatedPremisesSupervisor">
    <skipped/>
  </testcase> <!-- fillingDesignatedPremisesSupervisor -->
  <testcase classname="qa.test.TestPremiseAppTestServerSfbo" name="fillOperatingSchedule">
    <skipped/>
  </testcase> <!-- fillOperatingSchedule -->
  <testcase classname="qa.test.TestPremiseAppTestServerSfbo" name="payment">
    <skipped/>
  </testcase> <!-- payment -->
  <testcase classname="qa.test.TestPremiseAppTestServerSfbo" name="fillLicenceObjectives">
    <skipped/>
  </testcase> <!-- fillLicenceObjectives -->
  <testcase classname="qa.test.TestPremiseAppTestServerSfbo" name="fillDeclaration">
    <skipped/>
  </testcase> <!-- fillDeclaration -->
</testsuite> <!-- qa.test.TestPremiseAppTestServerSfbo -->
