<?xml version="1.0" encoding="UTF-8"?>
<!-- Generated by org.testng.reporters.JUnitReportReporter -->
<testsuite hostname="Gourav" failures="0" tests="10" name="qa.test.TestSec50UatSf" time="59.533" errors="0" timestamp="2024-05-14T17:10:05 IST" skipped="1">
  <testcase classname="qa.test.TestSec50UatSf" name="OpenWestminsterBoUrl" time="13.765"/>
  <testcase classname="qa.test.TestSec50UatSf" name="confirmInformationTrue" time="2.343"/>
  <testcase classname="qa.test.TestSec50UatSf" name="fillingApplicationDates" time="4.153"/>
  <testcase classname="qa.test.TestSec50UatSf" name="fillingSiteDetails" time="6.955"/>
  <testcase classname="qa.test.TestSec50UatSf" name="fillAboutTheWorkSection" time="2.157"/>
  <testcase classname="qa.test.TestSec50UatSf" name="fillSupervisorDetails" time="9.240"/>
  <testcase classname="qa.test.TestSec50UatSf" name="fillOperatorDetails" time="10.058"/>
  <testcase classname="qa.test.TestSec50UatSf" name="addDeclarations" time="8.773"/>
  <testcase classname="qa.test.TestSec50UatSf" name="checkOrderSummary" time="2.089"/>
  <testcase classname="qa.test.TestSec50UatSf" name="payFees">
    <skipped/>
  </testcase> <!-- payFees -->
</testsuite> <!-- qa.test.TestSec50UatSf -->
