<?xml version="1.0" encoding="UTF-8"?>
<!-- Generated by org.testng.reporters.JUnitReportReporter -->
<testsuite hostname="Gourav" failures="0" tests="13" name="qa.test.TestPremiseAppUatSfbo" time="101.803" errors="0" timestamp="2024-05-22T14:53:43 IST" skipped="0">
  <testcase classname="qa.test.TestPremiseAppUatSfbo" name="openLa_03LoginUrl" time="19.202"/>
  <testcase classname="qa.test.TestPremiseAppUatSfbo" name="fillBusinessDetails" time="6.988"/>
  <testcase classname="qa.test.TestPremiseAppUatSfbo" name="confirmInformationTrue" time="2.118"/>
  <testcase classname="qa.test.TestPremiseAppUatSfbo" name="fillingLicenceDuration" time="3.255"/>
  <testcase classname="qa.test.TestPremiseAppUatSfbo" name="fillingApplicantDetails" time="11.527"/>
  <testcase classname="qa.test.TestPremiseAppUatSfbo" name="fillingDesignatedPremisesSupervisor" time="6.719"/>
  <testcase classname="qa.test.TestPremiseAppUatSfbo" name="uploadApplicationEvidence" time="1.336"/>
  <testcase classname="qa.test.TestPremiseAppUatSfbo" name="fillPremisesDetails" time="8.686"/>
  <testcase classname="qa.test.TestPremiseAppUatSfbo" name="fillBusinessHours" time="13.227"/>
  <testcase classname="qa.test.TestPremiseAppUatSfbo" name="fillOperatingSchedule" time="16.313"/>
  <testcase classname="qa.test.TestPremiseAppUatSfbo" name="fillLicenceObjectives" time="0.752"/>
  <testcase classname="qa.test.TestPremiseAppUatSfbo" name="fillDeclaration" time="7.358"/>
  <testcase classname="qa.test.TestPremiseAppUatSfbo" name="payment" time="4.322"/>
</testsuite> <!-- qa.test.TestPremiseAppUatSfbo -->
