<?xml version="1.0" encoding="UTF-8"?>
<!-- Generated by org.testng.reporters.JUnitReportReporter -->
<testsuite hostname="Gourav" failures="0" tests="10" name="qa.test.TestSec50UatSfbo" time="0.001" errors="0" timestamp="2024-05-20T02:17:42 IST" skipped="10">
  <testcase classname="qa.test.TestSec50UatSfbo" name="OpenWestminsterBoUrl" time="0.001">
    <skipped/>
  </testcase> <!-- OpenWestminsterBoUrl -->
  <testcase classname="qa.test.TestSec50UatSfbo" name="fillBusinessDetails" time="0.000">
    <skipped/>
  </testcase> <!-- fillBusinessDetails -->
  <testcase classname="qa.test.TestSec50UatSfbo" name="fillingApplicationDates" time="0.000">
    <skipped/>
  </testcase> <!-- fillingApplicationDates -->
  <testcase classname="qa.test.TestSec50UatSfbo" name="fillingSiteDetails" time="0.000">
    <skipped/>
  </testcase> <!-- fillingSiteDetails -->
  <testcase classname="qa.test.TestSec50UatSfbo" name="fillAboutTheWorkSection" time="0.000">
    <skipped/>
  </testcase> <!-- fillAboutTheWorkSection -->
  <testcase classname="qa.test.TestSec50UatSfbo" name="addDeclarations" time="0.000">
    <skipped/>
  </testcase> <!-- addDeclarations -->
  <testcase classname="qa.test.TestSec50UatSfbo" name="checkOrderSummary" time="0.000">
    <skipped/>
  </testcase> <!-- checkOrderSummary -->
  <testcase classname="qa.test.TestSec50UatSfbo" name="payFees">
    <skipped/>
  </testcase> <!-- payFees -->
  <testcase classname="qa.test.TestSec50UatSfbo" name="fillOperatorDetails">
    <skipped/>
  </testcase> <!-- fillOperatorDetails -->
  <testcase classname="qa.test.TestSec50UatSfbo" name="fillSupervisorDetails">
    <skipped/>
  </testcase> <!-- fillSupervisorDetails -->
</testsuite> <!-- qa.test.TestSec50UatSfbo -->
