<?xml version="1.0" encoding="UTF-8"?>
<!-- Generated by org.testng.reporters.JUnitReportReporter -->
<testsuite hostname="Gourav" failures="0" tests="13" name="qa.test.TestPremiseAppUatSfbo" time="75.294" errors="0" timestamp="2024-05-20T01:56:54 IST" skipped="0">
  <testcase classname="qa.test.TestPremiseAppUatSfbo" name="openLa_03LoginUrl" time="16.297"/>
  <testcase classname="qa.test.TestPremiseAppUatSfbo" name="fillBusinessDetails" time="4.047"/>
  <testcase classname="qa.test.TestPremiseAppUatSfbo" name="confirmInformationTrue" time="2.461"/>
  <testcase classname="qa.test.TestPremiseAppUatSfbo" name="fillingLicenceDuration" time="0.150"/>
  <testcase classname="qa.test.TestPremiseAppUatSfbo" name="fillingApplicantDetails" time="10.312"/>
  <testcase classname="qa.test.TestPremiseAppUatSfbo" name="fillingDesignatedPremisesSupervisor" time="6.303"/>
  <testcase classname="qa.test.TestPremiseAppUatSfbo" name="uploadApplicationEvidence" time="1.291"/>
  <testcase classname="qa.test.TestPremiseAppUatSfbo" name="fillPremisesDetails" time="8.249"/>
  <testcase classname="qa.test.TestPremiseAppUatSfbo" name="fillBusinessHours" time="5.893"/>
  <testcase classname="qa.test.TestPremiseAppUatSfbo" name="fillOperatingSchedule" time="8.128"/>
  <testcase classname="qa.test.TestPremiseAppUatSfbo" name="fillLicenceObjectives" time="0.670"/>
  <testcase classname="qa.test.TestPremiseAppUatSfbo" name="fillDeclaration" time="7.206"/>
  <testcase classname="qa.test.TestPremiseAppUatSfbo" name="payment" time="4.287"/>
</testsuite> <!-- qa.test.TestPremiseAppUatSfbo -->
