<?xml version="1.0" encoding="UTF-8"?>
<!-- Generated by org.testng.reporters.JUnitReportReporter -->
<testsuite hostname="Gourav" failures="0" tests="2" name="qa.test.Section50TestServerSfbo" time="45.377" errors="0" timestamp="2024-05-03T11:53:40 IST" skipped="0">
  <testcase classname="qa.test.Section50TestServerSfbo" name="OpenWestminsterBoUrl" time="41.138"/>
  <testcase classname="qa.test.Section50TestServerSfbo" name="fillBusinessDetails" time="4.239"/>
</testsuite> <!-- qa.test.Section50TestServerSfbo -->
