<?xml version="1.0" encoding="UTF-8"?>
<!-- Generated by org.testng.reporters.JUnitReportReporter -->
<testsuite hostname="Gourav" failures="0" tests="7" name="qa.test.TestPremiseAppUatSf" time="32.531" errors="0" timestamp="2024-05-15T13:55:20 IST" skipped="4">
  <testcase classname="qa.test.TestPremiseAppUatSf" name="openLa_03LoginUrl" time="17.814"/>
  <testcase classname="qa.test.TestPremiseAppUatSf" name="confirmInformationTrue" time="2.419"/>
  <testcase classname="qa.test.TestPremiseAppUatSf" name="fillPremisesDetails" time="12.298"/>
  <testcase classname="qa.test.TestPremiseAppUatSf" name="fillingApplicantDetails">
    <skipped/>
  </testcase> <!-- fillingApplicantDetails -->
  <testcase classname="qa.test.TestPremiseAppUatSf" name="fillingDesignatedPremisesSupervisor">
    <skipped/>
  </testcase> <!-- fillingDesignatedPremisesSupervisor -->
  <testcase classname="qa.test.TestPremiseAppUatSf" name="fillingLicenceDuration">
    <skipped/>
  </testcase> <!-- fillingLicenceDuration -->
  <testcase classname="qa.test.TestPremiseAppUatSf" name="uploadApplicationEvidence">
    <skipped/>
  </testcase> <!-- uploadApplicationEvidence -->
</testsuite> <!-- qa.test.TestPremiseAppUatSf -->
