<?xml version="1.0" encoding="UTF-8"?>
<!-- Generated by org.testng.reporters.JUnitReportReporter -->
<testsuite hostname="Gourav" failures="0" tests="10" name="qa.test.TestPremiseAppUatSf" time="32.042" errors="0" timestamp="2024-05-17T12:12:28 IST" skipped="8">
  <testcase classname="qa.test.TestPremiseAppUatSf" name="openLa_03LoginUrl" time="14.855"/>
  <testcase classname="qa.test.TestPremiseAppUatSf" name="fillBusinessHours" time="17.187"/>
  <testcase classname="qa.test.TestPremiseAppUatSf" name="uploadApplicationEvidence">
    <skipped/>
  </testcase> <!-- uploadApplicationEvidence -->
  <testcase classname="qa.test.TestPremiseAppUatSf" name="fillDeclaration">
    <skipped/>
  </testcase> <!-- fillDeclaration -->
  <testcase classname="qa.test.TestPremiseAppUatSf" name="fillingDesignatedPremisesSupervisor">
    <skipped/>
  </testcase> <!-- fillingDesignatedPremisesSupervisor -->
  <testcase classname="qa.test.TestPremiseAppUatSf" name="confirmInformationTrue">
    <skipped/>
  </testcase> <!-- confirmInformationTrue -->
  <testcase classname="qa.test.TestPremiseAppUatSf" name="fillLicenceObjectives">
    <skipped/>
  </testcase> <!-- fillLicenceObjectives -->
  <testcase classname="qa.test.TestPremiseAppUatSf" name="fillingLicenceDuration">
    <skipped/>
  </testcase> <!-- fillingLicenceDuration -->
  <testcase classname="qa.test.TestPremiseAppUatSf" name="fillPremisesDetails">
    <skipped/>
  </testcase> <!-- fillPremisesDetails -->
  <testcase classname="qa.test.TestPremiseAppUatSf" name="fillingApplicantDetails">
    <skipped/>
  </testcase> <!-- fillingApplicantDetails -->
</testsuite> <!-- qa.test.TestPremiseAppUatSf -->
