<?xml version="1.0" encoding="UTF-8"?>
<!-- Generated by org.testng.reporters.JUnitReportReporter -->
<testsuite hostname="Gourav" failures="0" tests="2" name="qa.test.Section50UatSf" time="14.081" errors="0" timestamp="2024-05-03T16:18:37 IST" skipped="0">
  <testcase classname="qa.test.Section50UatSf" name="OpenWestminsterBoUrl" time="11.935"/>
  <testcase classname="qa.test.Section50UatSf" name="fillingApplicationDates" time="2.146"/>
</testsuite> <!-- qa.test.Section50UatSf -->
