<?xml version="1.0" encoding="UTF-8"?>
<!-- Generated by org.testng.reporters.JUnitReportReporter -->
<testsuite hostname="Gourav" failures="0" tests="3" name="common_files.TestUatSfbo" time="32.939" errors="0" timestamp="2024-05-07T11:35:08 IST" skipped="0">
  <testcase classname="common_files.TestUatSfbo" name="OpenWestminsterBoUrl" time="25.454"/>
  <testcase classname="common_files.TestUatSfbo" name="fillBusinessDetails" time="4.753"/>
  <testcase classname="common_files.TestUatSfbo" name="fillingApplicationDates" time="2.732"/>
</testsuite> <!-- common_files.TestUatSfbo -->
