<?xml version="1.0" encoding="UTF-8"?>
<!-- Generated by org.testng.reporters.JUnitReportReporter -->
<testsuite hostname="Gourav" failures="0" tests="12" name="qa.test.TestPremiseAppTestServerSf" time="46.344" errors="0" timestamp="2024-05-20T02:06:07 IST" skipped="10">
  <testcase classname="qa.test.TestPremiseAppTestServerSf" name="openLa_03LoginUrl" time="36.150"/>
  <testcase classname="qa.test.TestPremiseAppTestServerSf" name="fillOperatingSchedule" time="10.194"/>
  <testcase classname="qa.test.TestPremiseAppTestServerSf" name="fillingDesignatedPremisesSupervisor">
    <skipped/>
  </testcase> <!-- fillingDesignatedPremisesSupervisor -->
  <testcase classname="qa.test.TestPremiseAppTestServerSf" name="payment">
    <skipped/>
  </testcase> <!-- payment -->
  <testcase classname="qa.test.TestPremiseAppTestServerSf" name="fillDeclaration">
    <skipped/>
  </testcase> <!-- fillDeclaration -->
  <testcase classname="qa.test.TestPremiseAppTestServerSf" name="fillBusinessHours">
    <skipped/>
  </testcase> <!-- fillBusinessHours -->
  <testcase classname="qa.test.TestPremiseAppTestServerSf" name="fillingApplicantDetails">
    <skipped/>
  </testcase> <!-- fillingApplicantDetails -->
  <testcase classname="qa.test.TestPremiseAppTestServerSf" name="fillPremisesDetails">
    <skipped/>
  </testcase> <!-- fillPremisesDetails -->
  <testcase classname="qa.test.TestPremiseAppTestServerSf" name="confirmInformationtrue">
    <skipped/>
  </testcase> <!-- confirmInformationtrue -->
  <testcase classname="qa.test.TestPremiseAppTestServerSf" name="fillingLicenceDuration">
    <skipped/>
  </testcase> <!-- fillingLicenceDuration -->
  <testcase classname="qa.test.TestPremiseAppTestServerSf" name="uploadApplicationEvidence">
    <skipped/>
  </testcase> <!-- uploadApplicationEvidence -->
  <testcase classname="qa.test.TestPremiseAppTestServerSf" name="fillLicenceObjectives">
    <skipped/>
  </testcase> <!-- fillLicenceObjectives -->
</testsuite> <!-- qa.test.TestPremiseAppTestServerSf -->
