<?xml version="1.0" encoding="UTF-8"?>
<!-- Generated by org.testng.reporters.JUnitReportReporter -->
<testsuite hostname="Gourav" failures="0" tests="13" name="qa.test.TestPremiseAppUatSfbo" time="66.291" errors="0" timestamp="2024-05-18T14:59:42 IST" skipped="0">
  <testcase classname="qa.test.TestPremiseAppUatSfbo" name="openLa_03LoginUrl" time="11.319"/>
  <testcase classname="qa.test.TestPremiseAppUatSfbo" name="fillBusinessDetails" time="4.785"/>
  <testcase classname="qa.test.TestPremiseAppUatSfbo" name="confirmInformationTrue" time="2.053"/>
  <testcase classname="qa.test.TestPremiseAppUatSfbo" name="fillingLicenceDuration" time="0.306"/>
  <testcase classname="qa.test.TestPremiseAppUatSfbo" name="fillingApplicantDetails" time="10.101"/>
  <testcase classname="qa.test.TestPremiseAppUatSfbo" name="fillingDesignatedPremisesSupervisor" time="6.256"/>
  <testcase classname="qa.test.TestPremiseAppUatSfbo" name="uploadApplicationEvidence" time="1.285"/>
  <testcase classname="qa.test.TestPremiseAppUatSfbo" name="fillPremisesDetails" time="8.333"/>
  <testcase classname="qa.test.TestPremiseAppUatSfbo" name="fillBusinessHours" time="3.845"/>
  <testcase classname="qa.test.TestPremiseAppUatSfbo" name="fillOperatingSchedule" time="5.734"/>
  <testcase classname="qa.test.TestPremiseAppUatSfbo" name="fillLicenceObjectives" time="0.645"/>
  <testcase classname="qa.test.TestPremiseAppUatSfbo" name="fillDeclaration" time="7.431"/>
  <testcase classname="qa.test.TestPremiseAppUatSfbo" name="payment" time="4.198"/>
</testsuite> <!-- qa.test.TestPremiseAppUatSfbo -->
