<?xml version="1.0" encoding="UTF-8"?>
<!-- Generated by org.testng.reporters.JUnitReportReporter -->
<testsuite hostname="Gourav" failures="0" tests="9" name="common_files.TestSec50UatSfbo" time="18.204" errors="0" timestamp="2024-05-10T11:45:16 IST" skipped="8">
  <testcase classname="common_files.TestSec50UatSfbo" name="OpenWestminsterBoUrl" time="18.204"/>
  <testcase classname="common_files.TestSec50UatSfbo" name="fillingSiteDetails">
    <skipped/>
  </testcase> <!-- fillingSiteDetails -->
  <testcase classname="common_files.TestSec50UatSfbo" name="fillingApplicationDates">
    <skipped/>
  </testcase> <!-- fillingApplicationDates -->
  <testcase classname="common_files.TestSec50UatSfbo" name="fillOperatorDetails">
    <skipped/>
  </testcase> <!-- fillOperatorDetails -->
  <testcase classname="common_files.TestSec50UatSfbo" name="fillBusinessDetails">
    <skipped/>
  </testcase> <!-- fillBusinessDetails -->
  <testcase classname="common_files.TestSec50UatSfbo" name="payFees">
    <skipped/>
  </testcase> <!-- payFees -->
  <testcase classname="common_files.TestSec50UatSfbo" name="fillAboutTheWorkSection">
    <skipped/>
  </testcase> <!-- fillAboutTheWorkSection -->
  <testcase classname="common_files.TestSec50UatSfbo" name="fillSupervisorDetails">
    <skipped/>
  </testcase> <!-- fillSupervisorDetails -->
  <testcase classname="common_files.TestSec50UatSfbo" name="addDeclarations">
    <skipped/>
  </testcase> <!-- addDeclarations -->
</testsuite> <!-- common_files.TestSec50UatSfbo -->
