<?xml version="1.0" encoding="UTF-8"?>
<!-- Generated by org.testng.reporters.JUnitReportReporter -->
<testsuite hostname="Gourav" failures="0" tests="10" name="TENs.TestTENsAppTestServerSfbo" time="41.980" errors="0" timestamp="2024-05-24T17:51:06 IST" skipped="0">
  <testcase classname="TENs.TestTENsAppTestServerSfbo" name="openLa_03LoginUrl" time="12.950"/>
  <testcase classname="TENs.TestTENsAppTestServerSfbo" name="searchBusiness" time="3.784"/>
  <testcase classname="TENs.TestTENsAppTestServerSfbo" name="fillDateTime" time="0.763"/>
  <testcase classname="TENs.TestTENsAppTestServerSfbo" name="fillLicenceActivities" time="2.572"/>
  <testcase classname="TENs.TestTENsAppTestServerSfbo" name="fillPersonalLicence" time="1.065"/>
  <testcase classname="TENs.TestTENsAppTestServerSfbo" name="uploadApplicaitonEvidence" time="1.286"/>
  <testcase classname="TENs.TestTENsAppTestServerSfbo" name="fillPremiseEventDetails" time="6.737"/>
  <testcase classname="TENs.TestTENsAppTestServerSfbo" name="infoAboutProperty" time="4.085"/>
  <testcase classname="TENs.TestTENsAppTestServerSfbo" name="addDeclaration" time="4.715"/>
  <testcase classname="TENs.TestTENsAppTestServerSfbo" name="addPayment" time="4.023"/>
</testsuite> <!-- TENs.TestTENsAppTestServerSfbo -->
