<?xml version="1.0" encoding="UTF-8"?>
<!-- Generated by org.testng.reporters.JUnitReportReporter -->
<testsuite hostname="Gourav" failures="0" tests="3" name="qa.test.VerifySection50Application" time="34.234" errors="0" timestamp="2024-04-19T16:51:43 IST" skipped="0">
  <testcase classname="qa.test.VerifySection50Application" name="OpenWestminsterBoUrl" time="18.455"/>
  <testcase classname="qa.test.VerifySection50Application" name="performActionOnDashboard" time="10.803"/>
  <testcase classname="qa.test.VerifySection50Application" name="checkApplicationDetails" time="4.976"/>
</testsuite> <!-- qa.test.VerifySection50Application -->
