<?xml version="1.0" encoding="UTF-8"?>
<!-- Generated by org.testng.reporters.JUnitReportReporter -->
<testsuite hostname="Gourav" failures="0" tests="12" name="qa.test.TestPremiseAppUatSf" time="77.276" errors="0" timestamp="2024-05-23T11:06:28 IST" skipped="0">
  <testcase classname="qa.test.TestPremiseAppUatSf" name="openLa_03LoginUrl" time="15.174"/>
  <testcase classname="qa.test.TestPremiseAppUatSf" name="confirmInformationtrue" time="3.297"/>
  <testcase classname="qa.test.TestPremiseAppUatSf" name="fillingLicenceDuration" time="0.322"/>
  <testcase classname="qa.test.TestPremiseAppUatSf" name="fillingApplicantDetails" time="11.455"/>
  <testcase classname="qa.test.TestPremiseAppUatSf" name="fillingDesignatedPremisesSupervisor" time="6.999"/>
  <testcase classname="qa.test.TestPremiseAppUatSf" name="uploadApplicationEvidence" time="1.420"/>
  <testcase classname="qa.test.TestPremiseAppUatSf" name="fillPremisesDetails" time="8.871"/>
  <testcase classname="qa.test.TestPremiseAppUatSf" name="fillBusinessHours" time="5.287"/>
  <testcase classname="qa.test.TestPremiseAppUatSf" name="fillOperatingSchedule" time="7.471"/>
  <testcase classname="qa.test.TestPremiseAppUatSf" name="fillLicenceObjectives" time="0.877"/>
  <testcase classname="qa.test.TestPremiseAppUatSf" name="fillDeclaration" time="7.602"/>
  <testcase classname="qa.test.TestPremiseAppUatSf" name="payment" time="8.501"/>
</testsuite> <!-- qa.test.TestPremiseAppUatSf -->
